<?xml version="1.0" encoding="UTF-8"?>
<!-- Generated by org.testng.reporters.JUnitReportReporter -->
<testsuite hostname="DESKTOP-B00HB2D" failures="0" tests="3" name="com.crm.testcases.HomePageTestCase" time="1.240" errors="0" timestamp="2025-05-03T01:19:54 IST" skipped="0">
  <testcase classname="com.crm.testcases.HomePageTestCase" name="verifyUrl" time="0.051"/>
  <testcase classname="com.crm.testcases.HomePageTestCase" name="verifyTitle" time="0.031"/>
  <testcase classname="com.crm.testcases.HomePageTestCase" name="validateSIgnInLink" time="1.158"/>
</testsuite> <!-- com.crm.testcases.HomePageTestCase -->
