<?xml version="1.0" encoding="UTF-8"?>
<!-- Generated by org.testng.reporters.JUnitReportReporter -->
<testsuite hostname="DESKTOP-B00HB2D" failures="0" tests="1" name="com.crm.testcases.LoginPageTestCase" time="2.623" errors="0" timestamp="2025-05-07T14:46:57 IST" skipped="0">
  <testcase classname="com.crm.testcases.LoginPageTestCase" name="validateLogin" time="2.623"/>
</testsuite> <!-- com.crm.testcases.LoginPageTestCase -->
